<?xml version="1.0" encoding="UTF-8"?>
<!-- Generated by org.testng.reporters.JUnitReportReporter -->
<testsuite hostname="DESKTOP-G13V6T1" failures="0" tests="3" name="com.example.restassured.day7.Authentications" time="8.228" errors="0" timestamp="2024-10-11T04:43:23 IST" skipped="0">
  <testcase classname="com.example.restassured.day7.Authentications" name="testBasicAuthentication" time="5.586"/>
  <testcase classname="com.example.restassured.day7.Authentications" name="testDigestAuthentication" time="1.579"/>
  <testcase classname="com.example.restassured.day7.Authentications" name="testPreemptiveAuthentication" time="1.063"/>
</testsuite> <!-- com.example.restassured.day7.Authentications -->
