<?xml version="1.0" encoding="UTF-8"?>
<!-- Generated by org.testng.reporters.JUnitReportReporter -->
<testsuite hostname="DESKTOP-G13V6T1" failures="0" tests="1" name="com.example.restassured.day6.SerializationDeserialization" time="0.407" errors="0" timestamp="2024-10-10T05:35:56 IST" skipped="0">
  <testcase classname="com.example.restassured.day6.SerializationDeserialization" name="convertJson2Pojo" time="0.407"/>
</testsuite> <!-- com.example.restassured.day6.SerializationDeserialization -->
