<?xml version="1.0" encoding="UTF-8"?>
<!-- Generated by org.testng.reporters.JUnitReportReporter -->
<testsuite hostname="DESKTOP-G13V6T1" failures="0" tests="1" name="com.example.restassured.day3.HeadersDemo" time="2.636" errors="0" timestamp="2024-10-09T20:51:27 IST" skipped="0">
  <testcase classname="com.example.restassured.day3.HeadersDemo" name="getHeaders" time="2.636"/>
</testsuite> <!-- com.example.restassured.day3.HeadersDemo -->
