<?xml version="1.0" encoding="UTF-8"?>
<!-- Generated by org.testng.reporters.JUnitReportReporter -->
<testsuite hostname="DESKTOP-G13V6T1" failures="0" tests="1" name="com.example.restassured.API.APIChaining" time="2.560" errors="0" timestamp="2024-11-01T15:11:34 IST" skipped="0">
  <testcase classname="com.example.restassured.API.APIChaining" name="getObject" time="2.560"/>
</testsuite> <!-- com.example.restassured.API.APIChaining -->
