<?xml version="1.0" encoding="UTF-8"?>
<!-- Generated by org.testng.reporters.JUnitReportReporter -->
<testsuite hostname="DESKTOP-G13V6T1" failures="0" tests="1" name="com.example.restassured.day4.ParsingJsonResponseData" time="2.443" errors="0" timestamp="2024-10-09T05:59:27 IST" skipped="0">
  <testcase classname="com.example.restassured.day4.ParsingJsonResponseData" name="testJsonResponse" time="2.443"/>
</testsuite> <!-- com.example.restassured.day4.ParsingJsonResponseData -->
