<?xml version="1.0" encoding="UTF-8"?>
<!-- Generated by org.testng.reporters.JUnitReportReporter -->
<testsuite hostname="DESKTOP-G13V6T1" failures="0" tests="1" name="com.example.restassured.day3.LoggingDemo" time="0.618" errors="0" timestamp="2024-09-25T16:11:50 IST" skipped="0">
  <testcase classname="com.example.restassured.day3.LoggingDemo" name="testlogs" time="0.618"/>
</testsuite> <!-- com.example.restassured.day3.LoggingDemo -->
