<?xml version="1.0" encoding="UTF-8"?>
<!-- Generated by org.testng.reporters.JUnitReportReporter -->
<testsuite hostname="DESKTOP-G13V6T1" failures="0" tests="3" name="com.example.restassured.day8.HomeLoan" time="0.013" errors="0" timestamp="2024-11-08T19:18:54 IST" skipped="0">
  <testcase classname="com.example.restassured.day8.HomeLoan" name="test_case1" time="0.009"/>
  <testcase classname="com.example.restassured.day8.HomeLoan" name="test_case2" time="0.002"/>
  <testcase classname="com.example.restassured.day8.HomeLoan" name="test_case3" time="0.002"/>
</testsuite> <!-- com.example.restassured.day8.HomeLoan -->
