<?xml version="1.0" encoding="UTF-8"?>
<!-- Generated by org.testng.reporters.JUnitReportReporter -->
<testsuite hostname="DESKTOP-G13V6T1" failures="0" tests="2" name="com.example.restassured.day6.SerializationDeserialization" time="0.068" errors="0" timestamp="2024-09-25T16:11:50 IST" skipped="0">
  <testcase classname="com.example.restassured.day6.SerializationDeserialization" name="convertPojo2Json" time="0.014"/>
  <testcase classname="com.example.restassured.day6.SerializationDeserialization" name="convertJson2Pojo" time="0.054"/>
</testsuite> <!-- com.example.restassured.day6.SerializationDeserialization -->
