<?xml version="1.0" encoding="UTF-8"?>
<!-- Generated by org.testng.reporters.JUnitReportReporter -->
<testsuite hostname="DESKTOP-G13V6T1" failures="0" tests="1" name="com.example.restassured.day1.HttpRequests" time="2.291" errors="0" timestamp="2024-11-01T13:58:30 IST" skipped="0">
  <testcase classname="com.example.restassured.day1.HttpRequests" name="updateUser" time="2.291"/>
</testsuite> <!-- com.example.restassured.day1.HttpRequests -->
