<?xml version="1.0" encoding="UTF-8"?>
<!-- Generated by org.testng.reporters.JUnitReportReporter -->
<testsuite hostname="DESKTOP-G13V6T1" failures="0" tests="1" name="com.example.restassured.day3.PathAndQueryParameters" time="2.730" errors="0" timestamp="2024-11-08T19:22:31 IST" skipped="0">
  <testcase classname="com.example.restassured.day3.PathAndQueryParameters" name="testQueryAndPathParameters" time="2.730"/>
</testsuite> <!-- com.example.restassured.day3.PathAndQueryParameters -->
