<?xml version="1.0" encoding="UTF-8"?>
<!-- Generated by org.testng.reporters.JUnitReportReporter -->
<testsuite hostname="DESKTOP-G13V6T1" failures="0" tests="2" name="com.example.restassured.day3.HeadersDemo" time="3.140" errors="0" timestamp="2024-09-25T16:11:50 IST" skipped="0">
  <testcase classname="com.example.restassured.day3.HeadersDemo" name="getHeaders" time="2.611"/>
  <testcase classname="com.example.restassured.day3.HeadersDemo" name="testHeaders" time="0.529"/>
</testsuite> <!-- com.example.restassured.day3.HeadersDemo -->
