<?xml version="1.0" encoding="UTF-8"?>
<!-- Generated by org.testng.reporters.JUnitReportReporter -->
<testsuite hostname="DESKTOP-G13V6T1" failures="0" tests="1" name="com.example.restassured.day6.SerilizationDeserilization" time="0.373" errors="0" timestamp="2024-09-01T15:45:55 IST" skipped="0">
  <testcase classname="com.example.restassured.day6.SerilizationDeserilization" name="convertPojo2Json" time="0.373"/>
</testsuite> <!-- com.example.restassured.day6.SerilizationDeserilization -->
